# JRE version: OpenJDK Runtime Environment (17.0+35) (build 17+35-2724)
# Java VM: OpenJDK 64-Bit Server VM (17+35-2724, mixed mode, sharing, tiered, compressed oops, compressed class ptrs, g1 gc, linux-amd64)
GC Precious Log:
 CPUs: 8 total, 4 available
 Memory: 19892M
 Large Page Support: Disabled
 NUMA Support: Disabled
 Compressed Oops: Enabled (Zero based)
 Heap Region Size: 4M
 Heap Min Capacity: 8M
 Heap Initial Capacity: 312M
 Heap Max Capacity: 4976M
 Pre-touch: Disabled
 Parallel Workers: 4
 Concurrent Workers: 1
 Concurrent Refinement Workers: 4
 Periodic GC: Disabled
Heap:
 garbage-first heap   total 688128K, used 475679K [0x00000006c9000000, 0x0000000800000000)
  region size 4096K, 92 young (376832K), 7 survivors (28672K)
 Metaspace       used 99708K, committed 124608K, reserved 1146880K
  class space    used 24660K, committed 32896K, reserved 1048576K
GC Heap History (20 events):
Event: 18.730 GC heap before
{Heap before GC invocations=31 (full 0):
 garbage-first heap   total 274432K, used 231141K [0x00000006c9000000, 0x0000000800000000)
  region size 4096K, 40 young (163840K), 1 survivors (4096K)
 Metaspace       used 72062K, committed 88128K, reserved 1122304K
  class space    used 17416K, committed 22720K, reserved 1048576K
}
Event: 18.768 GC heap after
{Heap after GC invocations=32 (full 0):
 garbage-first heap   total 274432K, used 90614K [0x00000006c9000000, 0x0000000800000000)
  region size 4096K, 5 young (20480K), 5 survivors (20480K)
 Metaspace       used 72062K, committed 88128K, reserved 1122304K
  class space    used 17416K, committed 22720K, reserved 1048576K
}
Event: 19.354 GC heap before
{Heap before GC invocations=33 (full 0):
 garbage-first heap   total 307200K, used 205302K [0x00000006c9000000, 0x0000000800000000)
  region size 4096K, 35 young (143360K), 5 survivors (20480K)
 Metaspace       used 73488K, committed 89728K, reserved 1122304K
  class space    used 17659K, committed 23040K, reserved 1048576K
}
Event: 19.376 GC heap after
{Heap after GC invocations=34 (full 0):
 garbage-first heap   total 307200K, used 84479K [0x00000006c9000000, 0x0000000800000000)
  region size 4096K, 2 young (8192K), 2 survivors (8192K)
 Metaspace       used 73488K, committed 89728K, reserved 1122304K
  class space    used 17659K, committed 23040K, reserved 1048576K
}
Event: 19.394 GC heap before
{Heap before GC invocations=34 (full 0):
 garbage-first heap   total 307200K, used 88575K [0x00000006c9000000, 0x0000000800000000)
  region size 4096K, 3 young (12288K), 2 survivors (8192K)
 Metaspace       used 73528K, committed 89728K, reserved 1122304K
  class space    used 17667K, committed 23040K, reserved 1048576K
}
Event: 19.403 GC heap after
{Heap after GC invocations=35 (full 0):
 garbage-first heap   total 688128K, used 85010K [0x00000006c9000000, 0x0000000800000000)
  region size 4096K, 1 young (4096K), 1 survivors (4096K)
 Metaspace       used 73528K, committed 89728K, reserved 1122304K
  class space    used 17667K, committed 23040K, reserved 1048576K
}
Event: 118.426 GC heap before
{Heap before GC invocations=35 (full 0):
 garbage-first heap   total 688128K, used 490514K [0x00000006c9000000, 0x0000000800000000)
  region size 4096K, 96 young (393216K), 1 survivors (4096K)
 Metaspace       used 77616K, committed 94784K, reserved 1122304K
  class space    used 18709K, committed 24384K, reserved 1048576K
}
Event: 118.452 GC heap after
{Heap after GC invocations=36 (full 0):
 garbage-first heap   total 688128K, used 106407K [0x00000006c9000000, 0x0000000800000000)
  region size 4096K, 6 young (24576K), 6 survivors (24576K)
 Metaspace       used 77616K, committed 94784K, reserved 1122304K
  class space    used 18709K, committed 24384K, reserved 1048576K
}
Event: 120.779 GC heap before
{Heap before GC invocations=36 (full 0):
 garbage-first heap   total 688128K, used 491431K [0x00000006c9000000, 0x0000000800000000)
  region size 4096K, 100 young (409600K), 6 survivors (24576K)
 Metaspace       used 81975K, committed 100992K, reserved 1130496K
  class space    used 19959K, committed 26304K, reserved 1048576K
}
Event: 120.801 GC heap after
{Heap after GC invocations=37 (full 0):
 garbage-first heap   total 688128K, used 114759K [0x00000006c9000000, 0x0000000800000000)
  region size 4096K, 8 young (32768K), 8 survivors (32768K)
 Metaspace       used 81975K, committed 100992K, reserved 1130496K
  class space    used 19959K, committed 26304K, reserved 1048576K
}
Event: 123.927 GC heap before
{Heap before GC invocations=37 (full 0):
 garbage-first heap   total 688128K, used 491591K [0x00000006c9000000, 0x0000000800000000)
  region size 4096K, 100 young (409600K), 8 survivors (32768K)
 Metaspace       used 87968K, committed 109184K, reserved 1130496K
  class space    used 21647K, committed 28672K, reserved 1048576K
}
Event: 123.969 GC heap after
{Heap after GC invocations=38 (full 0):
 garbage-first heap   total 688128K, used 133277K [0x00000006c9000000, 0x0000000800000000)
  region size 4096K, 7 young (28672K), 7 survivors (28672K)
 Metaspace       used 87968K, committed 109184K, reserved 1130496K
  class space    used 21647K, committed 28672K, reserved 1048576K
}
Event: 124.419 GC heap before
{Heap before GC invocations=38 (full 0):
 garbage-first heap   total 688128K, used 514205K [0x00000006c9000000, 0x0000000800000000)
  region size 4096K, 100 young (409600K), 7 survivors (28672K)
 Metaspace       used 88057K, committed 109184K, reserved 1130496K
  class space    used 21647K, committed 28672K, reserved 1048576K
}
Event: 124.435 GC heap after
{Heap after GC invocations=39 (full 0):
 garbage-first heap   total 688128K, used 122421K [0x00000006c9000000, 0x0000000800000000)
  region size 4096K, 4 young (16384K), 4 survivors (16384K)
 Metaspace       used 88057K, committed 109184K, reserved 1130496K
  class space    used 21647K, committed 28672K, reserved 1048576K
}
Event: 124.926 GC heap before
{Heap before GC invocations=39 (full 0):
 garbage-first heap   total 688128K, used 515637K [0x00000006c9000000, 0x0000000800000000)
  region size 4096K, 100 young (409600K), 4 survivors (16384K)
 Metaspace       used 88449K, committed 109760K, reserved 1130496K
  class space    used 21746K, committed 28800K, reserved 1048576K
}
Event: 124.947 GC heap after
{Heap after GC invocations=40 (full 0):
 garbage-first heap   total 688128K, used 124979K [0x00000006c9000000, 0x0000000800000000)
  region size 4096K, 5 young (20480K), 5 survivors (20480K)
 Metaspace       used 88449K, committed 109760K, reserved 1130496K
  class space    used 21746K, committed 28800K, reserved 1048576K
}
Event: 125.952 GC heap before
{Heap before GC invocations=40 (full 0):
 garbage-first heap   total 688128K, used 514099K [0x00000006c9000000, 0x0000000800000000)
  region size 4096K, 100 young (409600K), 5 survivors (20480K)
 Metaspace       used 90886K, committed 113152K, reserved 1138688K
  class space    used 22426K, committed 29824K, reserved 1048576K
}
Event: 125.971 GC heap after
{Heap after GC invocations=41 (full 0):
 garbage-first heap   total 688128K, used 129940K [0x00000006c9000000, 0x0000000800000000)
  region size 4096K, 6 young (24576K), 6 survivors (24576K)
 Metaspace       used 90886K, committed 113152K, reserved 1138688K
  class space    used 22426K, committed 29824K, reserved 1048576K
}
Event: 126.902 GC heap before
{Heap before GC invocations=41 (full 0):
 garbage-first heap   total 688128K, used 514964K [0x00000006c9000000, 0x0000000800000000)
  region size 4096K, 100 young (409600K), 6 survivors (24576K)
 Metaspace       used 93754K, committed 117120K, reserved 1138688K
  class space    used 23203K, committed 30912K, reserved 1048576K
}
Event: 126.931 GC heap after
{Heap after GC invocations=42 (full 0):
 garbage-first heap   total 688128K, used 131615K [0x00000006c9000000, 0x0000000800000000)
  region size 4096K, 7 young (28672K), 7 survivors (28672K)
 Metaspace       used 93754K, committed 117120K, reserved 1138688K
  class space    used 23203K, committed 30912K, reserved 1048576K
}

