# JRE version: OpenJDK Runtime Environment (17.0+35) (build 17+35-2724)
# Java VM: OpenJDK 64-Bit Server VM (17+35-2724, mixed mode, sharing, tiered, compressed oops, compressed class ptrs, g1 gc, linux-amd64)
Heap:
 garbage-first heap   total 983040K, used 728289K [0x00000006c9000000, 0x0000000800000000)
  region size 4096K, 107 young (438272K), 6 survivors (24576K)
 Metaspace       used 107542K, committed 132800K, reserved 1155072K
  class space    used 25642K, committed 34176K, reserved 1048576K
GC Heap History (20 events):
Event: 13997.595 GC heap before
{Heap before GC invocations=475 (full 0):
 garbage-first heap   total 983040K, used 800736K [0x00000006c9000000, 0x0000000800000000)
  region size 4096K, 124 young (507904K), 5 survivors (20480K)
 Metaspace       used 107268K, committed 132800K, reserved 1155072K
  class space    used 25573K, committed 34176K, reserved 1048576K
}
Event: 13997.604 GC heap after
{Heap after GC invocations=476 (full 0):
 garbage-first heap   total 983040K, used 311264K [0x00000006c9000000, 0x0000000800000000)
  region size 4096K, 4 young (16384K), 4 survivors (16384K)
 Metaspace       used 107268K, committed 132800K, reserved 1155072K
  class space    used 25573K, committed 34176K, reserved 1048576K
}
Event: 14013.948 GC heap before
{Heap before GC invocations=477 (full 0):
 garbage-first heap   total 983040K, used 770016K [0x00000006c9000000, 0x0000000800000000)
  region size 4096K, 126 young (516096K), 4 survivors (16384K)
 Metaspace       used 107300K, committed 132800K, reserved 1155072K
  class space    used 25581K, committed 34176K, reserved 1048576K
}
Event: 14013.956 GC heap after
{Heap after GC invocations=478 (full 0):
 garbage-first heap   total 983040K, used 268612K [0x00000006c9000000, 0x0000000800000000)
  region size 4096K, 4 young (16384K), 4 survivors (16384K)
 Metaspace       used 107300K, committed 132800K, reserved 1155072K
  class space    used 25581K, committed 34176K, reserved 1048576K
}
Event: 14014.163 GC heap before
{Heap before GC invocations=478 (full 0):
 garbage-first heap   total 983040K, used 301380K [0x00000006c9000000, 0x0000000800000000)
  region size 4096K, 12 young (49152K), 4 survivors (16384K)
 Metaspace       used 107300K, committed 132800K, reserved 1155072K
  class space    used 25581K, committed 34176K, reserved 1048576K
}
Event: 14014.171 GC heap after
{Heap after GC invocations=479 (full 0):
 garbage-first heap   total 983040K, used 263893K [0x00000006c9000000, 0x0000000800000000)
  region size 4096K, 2 young (8192K), 2 survivors (8192K)
 Metaspace       used 107300K, committed 132800K, reserved 1155072K
  class space    used 25581K, committed 34176K, reserved 1048576K
}
Event: 14037.388 GC heap before
{Heap before GC invocations=479 (full 0):
 garbage-first heap   total 983040K, used 808661K [0x00000006c9000000, 0x0000000800000000)
  region size 4096K, 135 young (552960K), 2 survivors (8192K)
 Metaspace       used 107331K, committed 132800K, reserved 1155072K
  class space    used 25590K, committed 34176K, reserved 1048576K
}
Event: 14037.413 GC heap after
{Heap after GC invocations=480 (full 0):
 garbage-first heap   total 983040K, used 311721K [0x00000006c9000000, 0x0000000800000000)
  region size 4096K, 13 young (53248K), 13 survivors (53248K)
 Metaspace       used 107331K, committed 132800K, reserved 1155072K
  class space    used 25590K, committed 34176K, reserved 1048576K
}
Event: 14040.665 GC heap before
{Heap before GC invocations=480 (full 0):
 garbage-first heap   total 983040K, used 795049K [0x00000006c9000000, 0x0000000800000000)
  region size 4096K, 131 young (536576K), 13 survivors (53248K)
 Metaspace       used 107365K, committed 132800K, reserved 1155072K
  class space    used 25597K, committed 34176K, reserved 1048576K
}
Event: 14040.685 GC heap after
{Heap after GC invocations=481 (full 0):
 garbage-first heap   total 983040K, used 313530K [0x00000006c9000000, 0x0000000800000000)
  region size 4096K, 5 young (20480K), 5 survivors (20480K)
 Metaspace       used 107365K, committed 132800K, reserved 1155072K
  class space    used 25597K, committed 34176K, reserved 1048576K
}
Event: 14044.862 GC heap before
{Heap before GC invocations=481 (full 0):
 garbage-first heap   total 983040K, used 805050K [0x00000006c9000000, 0x0000000800000000)
  region size 4096K, 125 young (512000K), 5 survivors (20480K)
 Metaspace       used 107392K, committed 132800K, reserved 1155072K
  class space    used 25605K, committed 34176K, reserved 1048576K
}
Event: 14044.872 GC heap after
{Heap after GC invocations=482 (full 0):
 garbage-first heap   total 983040K, used 309489K [0x00000006c9000000, 0x0000000800000000)
  region size 4096K, 4 young (16384K), 4 survivors (16384K)
 Metaspace       used 107392K, committed 132800K, reserved 1155072K
  class space    used 25605K, committed 34176K, reserved 1048576K
}
Event: 14048.032 GC heap before
{Heap before GC invocations=483 (full 0):
 garbage-first heap   total 983040K, used 778208K [0x00000006c9000000, 0x0000000800000000)
  region size 4096K, 127 young (520192K), 4 survivors (16384K)
 Metaspace       used 107420K, committed 132800K, reserved 1155072K
  class space    used 25612K, committed 34176K, reserved 1048576K
}
Event: 14048.041 GC heap after
{Heap after GC invocations=484 (full 0):
 garbage-first heap   total 983040K, used 273717K [0x00000006c9000000, 0x0000000800000000)
  region size 4096K, 4 young (16384K), 4 survivors (16384K)
 Metaspace       used 107420K, committed 132800K, reserved 1155072K
  class space    used 25612K, committed 34176K, reserved 1048576K
}
Event: 14048.243 GC heap before
{Heap before GC invocations=484 (full 0):
 garbage-first heap   total 983040K, used 306485K [0x00000006c9000000, 0x0000000800000000)
  region size 4096K, 12 young (49152K), 4 survivors (16384K)
 Metaspace       used 107420K, committed 132800K, reserved 1155072K
  class space    used 25612K, committed 34176K, reserved 1048576K
}
Event: 14048.252 GC heap after
{Heap after GC invocations=485 (full 0):
 garbage-first heap   total 983040K, used 266038K [0x00000006c9000000, 0x0000000800000000)
  region size 4096K, 2 young (8192K), 2 survivors (8192K)
 Metaspace       used 107420K, committed 132800K, reserved 1155072K
  class space    used 25612K, committed 34176K, reserved 1048576K
}
Event: 14080.385 GC heap before
{Heap before GC invocations=485 (full 0):
 garbage-first heap   total 983040K, used 814902K [0x00000006c9000000, 0x0000000800000000)
  region size 4096K, 136 young (557056K), 2 survivors (8192K)
 Metaspace       used 107448K, committed 132800K, reserved 1155072K
  class space    used 25620K, committed 34176K, reserved 1048576K
}
Event: 14080.410 GC heap after
{Heap after GC invocations=486 (full 0):
 garbage-first heap   total 983040K, used 313128K [0x00000006c9000000, 0x0000000800000000)
  region size 4096K, 13 young (53248K), 13 survivors (53248K)
 Metaspace       used 107448K, committed 132800K, reserved 1155072K
  class space    used 25620K, committed 34176K, reserved 1048576K
}
Event: 14083.875 GC heap before
{Heap before GC invocations=486 (full 0):
 garbage-first heap   total 983040K, used 796456K [0x00000006c9000000, 0x0000000800000000)
  region size 4096K, 131 young (536576K), 13 survivors (53248K)
 Metaspace       used 107476K, committed 132800K, reserved 1155072K
  class space    used 25627K, committed 34176K, reserved 1048576K
}
Event: 14083.900 GC heap after
{Heap after GC invocations=487 (full 0):
 garbage-first heap   total 983040K, used 315628K [0x00000006c9000000, 0x0000000800000000)
  region size 4096K, 6 young (24576K), 6 survivors (24576K)
 Metaspace       used 107476K, committed 132800K, reserved 1155072K
  class space    used 25627K, committed 34176K, reserved 1048576K
}

