# JRE version: OpenJDK Runtime Environment (17.0+35) (build 17+35-2724)
# Java VM: OpenJDK 64-Bit Server VM (17+35-2724, mixed mode, sharing, tiered, compressed oops, compressed class ptrs, g1 gc, linux-amd64)
Heap:
 garbage-first heap   total 1302528K, used 271044K [0x00000006c9000000, 0x0000000800000000)
  region size 4096K, 17 young (69632K), 2 survivors (8192K)
 Metaspace       used 112965K, committed 141248K, reserved 1155072K
  class space    used 27530K, committed 36800K, reserved 1048576K
GC Heap History (20 events):
Event: 7945.867 GC heap before
{Heap before GC invocations=228 (full 0):
 garbage-first heap   total 1302528K, used 979866K [0x00000006c9000000, 0x0000000800000000)
  region size 4096K, 190 young (778240K), 8 survivors (32768K)
 Metaspace       used 112896K, committed 141184K, reserved 1155072K
  class space    used 27514K, committed 36800K, reserved 1048576K
}
Event: 7945.890 GC heap after
{Heap after GC invocations=229 (full 0):
 garbage-first heap   total 1302528K, used 254321K [0x00000006c9000000, 0x0000000800000000)
  region size 4096K, 12 young (49152K), 12 survivors (49152K)
 Metaspace       used 112896K, committed 141184K, reserved 1155072K
  class space    used 27514K, committed 36800K, reserved 1048576K
}
Event: 7950.467 GC heap before
{Heap before GC invocations=229 (full 0):
 garbage-first heap   total 1302528K, used 983409K [0x00000006c9000000, 0x0000000800000000)
  region size 4096K, 190 young (778240K), 12 survivors (49152K)
 Metaspace       used 112914K, committed 141184K, reserved 1155072K
  class space    used 27518K, committed 36800K, reserved 1048576K
}
Event: 7950.476 GC heap after
{Heap after GC invocations=230 (full 0):
 garbage-first heap   total 1302528K, used 227741K [0x00000006c9000000, 0x0000000800000000)
  region size 4096K, 6 young (24576K), 6 survivors (24576K)
 Metaspace       used 112914K, committed 141184K, reserved 1155072K
  class space    used 27518K, committed 36800K, reserved 1048576K
}
Event: 7955.300 GC heap before
{Heap before GC invocations=230 (full 0):
 garbage-first heap   total 1302528K, used 981405K [0x00000006c9000000, 0x0000000800000000)
  region size 4096K, 190 young (778240K), 6 survivors (24576K)
 Metaspace       used 112917K, committed 141184K, reserved 1155072K
  class space    used 27519K, committed 36800K, reserved 1048576K
}
Event: 7955.320 GC heap after
{Heap after GC invocations=231 (full 0):
 garbage-first heap   total 1302528K, used 246179K [0x00000006c9000000, 0x0000000800000000)
  region size 4096K, 10 young (40960K), 10 survivors (40960K)
 Metaspace       used 112917K, committed 141184K, reserved 1155072K
  class space    used 27519K, committed 36800K, reserved 1048576K
}
Event: 7960.072 GC heap before
{Heap before GC invocations=231 (full 0):
 garbage-first heap   total 1302528K, used 983459K [0x00000006c9000000, 0x0000000800000000)
  region size 4096K, 190 young (778240K), 10 survivors (40960K)
 Metaspace       used 112917K, committed 141184K, reserved 1155072K
  class space    used 27519K, committed 36800K, reserved 1048576K
}
Event: 7960.079 GC heap after
{Heap after GC invocations=232 (full 0):
 garbage-first heap   total 1302528K, used 221614K [0x00000006c9000000, 0x0000000800000000)
  region size 4096K, 4 young (16384K), 4 survivors (16384K)
 Metaspace       used 112917K, committed 141184K, reserved 1155072K
  class space    used 27519K, committed 36800K, reserved 1048576K
}
Event: 7964.975 GC heap before
{Heap before GC invocations=232 (full 0):
 garbage-first heap   total 1302528K, used 983470K [0x00000006c9000000, 0x0000000800000000)
  region size 4096K, 190 young (778240K), 4 survivors (16384K)
 Metaspace       used 112917K, committed 141184K, reserved 1155072K
  class space    used 27519K, committed 36800K, reserved 1048576K
}
Event: 7964.995 GC heap after
{Heap after GC invocations=233 (full 0):
 garbage-first heap   total 1302528K, used 245974K [0x00000006c9000000, 0x0000000800000000)
  region size 4096K, 10 young (40960K), 10 survivors (40960K)
 Metaspace       used 112917K, committed 141184K, reserved 1155072K
  class space    used 27519K, committed 36800K, reserved 1048576K
}
Event: 7969.721 GC heap before
{Heap before GC invocations=233 (full 0):
 garbage-first heap   total 1302528K, used 983254K [0x00000006c9000000, 0x0000000800000000)
  region size 4096K, 190 young (778240K), 10 survivors (40960K)
 Metaspace       used 112919K, committed 141248K, reserved 1155072K
  class space    used 27521K, committed 36800K, reserved 1048576K
}
Event: 7969.728 GC heap after
{Heap after GC invocations=234 (full 0):
 garbage-first heap   total 1302528K, used 220955K [0x00000006c9000000, 0x0000000800000000)
  region size 4096K, 4 young (16384K), 4 survivors (16384K)
 Metaspace       used 112919K, committed 141248K, reserved 1155072K
  class space    used 27521K, committed 36800K, reserved 1048576K
}
Event: 7974.611 GC heap before
{Heap before GC invocations=234 (full 0):
 garbage-first heap   total 1302528K, used 982811K [0x00000006c9000000, 0x0000000800000000)
  region size 4096K, 190 young (778240K), 4 survivors (16384K)
 Metaspace       used 112923K, committed 141248K, reserved 1155072K
  class space    used 27522K, committed 36800K, reserved 1048576K
}
Event: 7974.630 GC heap after
{Heap after GC invocations=235 (full 0):
 garbage-first heap   total 1302528K, used 243016K [0x00000006c9000000, 0x0000000800000000)
  region size 4096K, 10 young (40960K), 10 survivors (40960K)
 Metaspace       used 112923K, committed 141248K, reserved 1155072K
  class space    used 27522K, committed 36800K, reserved 1048576K
}
Event: 7979.405 GC heap before
{Heap before GC invocations=235 (full 0):
 garbage-first heap   total 1302528K, used 980296K [0x00000006c9000000, 0x0000000800000000)
  region size 4096K, 190 young (778240K), 10 survivors (40960K)
 Metaspace       used 112923K, committed 141248K, reserved 1155072K
  class space    used 27522K, committed 36800K, reserved 1048576K
}
Event: 7979.412 GC heap after
{Heap after GC invocations=236 (full 0):
 garbage-first heap   total 1302528K, used 219173K [0x00000006c9000000, 0x0000000800000000)
  region size 4096K, 4 young (16384K), 4 survivors (16384K)
 Metaspace       used 112923K, committed 141248K, reserved 1155072K
  class space    used 27522K, committed 36800K, reserved 1048576K
}
Event: 7984.138 GC heap before
{Heap before GC invocations=236 (full 0):
 garbage-first heap   total 1302528K, used 981029K [0x00000006c9000000, 0x0000000800000000)
  region size 4096K, 190 young (778240K), 4 survivors (16384K)
 Metaspace       used 112929K, committed 141248K, reserved 1155072K
  class space    used 27524K, committed 36800K, reserved 1048576K
}
Event: 7984.155 GC heap after
{Heap after GC invocations=237 (full 0):
 garbage-first heap   total 1302528K, used 238878K [0x00000006c9000000, 0x0000000800000000)
  region size 4096K, 9 young (36864K), 9 survivors (36864K)
 Metaspace       used 112929K, committed 141248K, reserved 1155072K
  class space    used 27524K, committed 36800K, reserved 1048576K
}
Event: 7988.698 GC heap before
{Heap before GC invocations=237 (full 0):
 garbage-first heap   total 1302528K, used 980254K [0x00000006c9000000, 0x0000000800000000)
  region size 4096K, 190 young (778240K), 9 survivors (36864K)
 Metaspace       used 112955K, committed 141248K, reserved 1155072K
  class space    used 27529K, committed 36800K, reserved 1048576K
}
Event: 7988.701 GC heap after
{Heap after GC invocations=238 (full 0):
 garbage-first heap   total 1302528K, used 210812K [0x00000006c9000000, 0x0000000800000000)
  region size 4096K, 2 young (8192K), 2 survivors (8192K)
 Metaspace       used 112955K, committed 141248K, reserved 1155072K
  class space    used 27529K, committed 36800K, reserved 1048576K
}

